2025-10-17 00:31:10.944 | INFO     | __main__:main:79 - Log file: outputs/finetune_replay_5/finetune_replay.log
2025-10-17 00:31:10.944 | INFO     | src.utils.common:log_experiment_info:114 - ===== 实验配置 =====
2025-10-17 00:31:10.945 | INFO     | src.utils.common:log_experiment_info:116 - coco_root: /big-data/dataset-academic/COCO/train2017
2025-10-17 00:31:10.945 | INFO     | src.utils.common:log_experiment_info:116 - annotation_file: /big-data/dataset-academic/COCO/annotations/instances_train2017.json
2025-10-17 00:31:10.945 | INFO     | src.utils.common:log_experiment_info:116 - train_list: /big-data/person/xiaozeyu/FSDC/indices/train_list.txt
2025-10-17 00:31:10.945 | INFO     | src.utils.common:log_experiment_info:116 - val_list: /big-data/person/xiaozeyu/FSDC/indices/val_list.txt
2025-10-17 00:31:10.945 | INFO     | src.utils.common:log_experiment_info:116 - new_train_list: /big-data/person/xiaozeyu/FSDC/indices/new_train_list.txt
2025-10-17 00:31:10.945 | INFO     | src.utils.common:log_experiment_info:116 - new_val_list: /big-data/person/xiaozeyu/FSDC/indices/new_val_list.txt
2025-10-17 00:31:10.945 | INFO     | src.utils.common:log_experiment_info:116 - class_map: /big-data/person/xiaozeyu/FSDC/indices/class_map.json
2025-10-17 00:31:10.945 | INFO     | src.utils.common:log_experiment_info:116 - cache_root: /big-data/person/xiaozeyu/FSDC/outputs/cache
2025-10-17 00:31:10.945 | INFO     | src.utils.common:log_experiment_info:116 - image_size: 224
2025-10-17 00:31:10.945 | INFO     | src.utils.common:log_experiment_info:116 - new_class_ids: [4]
2025-10-17 00:31:10.945 | INFO     | src.utils.common:log_experiment_info:116 - new_class_names: ['motorcycle']
2025-10-17 00:31:10.946 | INFO     | src.utils.common:log_experiment_info:116 - use_patch: False
2025-10-17 00:31:10.946 | INFO     | src.utils.common:log_experiment_info:116 - train_ratio: 0.85
2025-10-17 00:31:10.946 | INFO     | src.utils.common:log_experiment_info:116 - split_seed: 42
2025-10-17 00:31:10.946 | INFO     | src.utils.common:log_experiment_info:116 - epochs: 1
2025-10-17 00:31:10.946 | INFO     | src.utils.common:log_experiment_info:116 - batch_size: 128
2025-10-17 00:31:10.946 | INFO     | src.utils.common:log_experiment_info:116 - lr: 0.001
2025-10-17 00:31:10.946 | INFO     | src.utils.common:log_experiment_info:116 - weight_decay: 0.0001
2025-10-17 00:31:10.946 | INFO     | src.utils.common:log_experiment_info:116 - backbone: ViT-B-16
2025-10-17 00:31:10.946 | INFO     | src.utils.common:log_experiment_info:116 - pretrained: /big-data/person/xiaozeyu/DataDistillation/clip-vit-base-patch16
2025-10-17 00:31:10.946 | INFO     | src.utils.common:log_experiment_info:116 - replay_per_class: 5
2025-10-17 00:31:12.697 | INFO     | src.utils.common:load_feature_cache:68 - 加载缓存特征: /big-data/person/xiaozeyu/FSDC/outputs/cache/ViT-B-16_size224_train.pt
2025-10-17 00:31:12.778 | INFO     | src.utils.common:__enter__:87 - 开始计时: 提取train_new特征
2025-10-17 00:31:19.598 | INFO     | src.utils.common:__exit__:92 - 结束计时: 提取train_new特征, 耗时 6.82 秒
2025-10-17 00:31:19.776 | INFO     | src.utils.common:load_feature_cache:68 - 加载缓存特征: /big-data/person/xiaozeyu/FSDC/outputs/cache/ViT-B-16_size224_val.pt
2025-10-17 00:31:19.799 | INFO     | src.utils.common:__enter__:87 - 开始计时: 提取val_new特征
2025-10-17 00:31:21.783 | INFO     | src.utils.common:__exit__:92 - 结束计时: 提取val_new特征, 耗时 1.98 秒
2025-10-17 00:31:22.617 | INFO     | __main__:main:166 - Epoch 1: top1=0.8601 top5=0.9944
