2025-10-17 00:52:15.896 | INFO     | __main__:main:87 - Log file: outputs/compress32_addcls_stage1/add_class_incremental.log
2025-10-17 00:52:15.896 | INFO     | src.utils.common:log_experiment_info:114 - ===== 实验配置 =====
2025-10-17 00:52:15.897 | INFO     | src.utils.common:log_experiment_info:116 - coco_root: /big-data/dataset-academic/COCO/train2017
2025-10-17 00:52:15.897 | INFO     | src.utils.common:log_experiment_info:116 - annotation_file: /big-data/dataset-academic/COCO/annotations/instances_train2017.json
2025-10-17 00:52:15.897 | INFO     | src.utils.common:log_experiment_info:116 - train_list: /big-data/person/xiaozeyu/FSDC/indices/train_list.txt
2025-10-17 00:52:15.898 | INFO     | src.utils.common:log_experiment_info:116 - val_list: /big-data/person/xiaozeyu/FSDC/indices/val_list.txt
2025-10-17 00:52:15.898 | INFO     | src.utils.common:log_experiment_info:116 - new_train_list: /big-data/person/xiaozeyu/FSDC/indices/new_train_list.txt
2025-10-17 00:52:15.898 | INFO     | src.utils.common:log_experiment_info:116 - new_val_list: /big-data/person/xiaozeyu/FSDC/indices/new_val_list.txt
2025-10-17 00:52:15.898 | INFO     | src.utils.common:log_experiment_info:116 - class_map: /big-data/person/xiaozeyu/FSDC/indices/class_map.json
2025-10-17 00:52:15.898 | INFO     | src.utils.common:log_experiment_info:116 - cache_root: /big-data/person/xiaozeyu/FSDC/outputs/cache
2025-10-17 00:52:15.899 | INFO     | src.utils.common:log_experiment_info:116 - image_size: 224
2025-10-17 00:52:15.899 | INFO     | src.utils.common:log_experiment_info:116 - new_class_ids: [4]
2025-10-17 00:52:15.899 | INFO     | src.utils.common:log_experiment_info:116 - new_class_names: ['motorcycle']
2025-10-17 00:52:15.899 | INFO     | src.utils.common:log_experiment_info:116 - use_patch: False
2025-10-17 00:52:15.899 | INFO     | src.utils.common:log_experiment_info:116 - train_ratio: 0.85
2025-10-17 00:52:15.899 | INFO     | src.utils.common:log_experiment_info:116 - split_seed: 42
2025-10-17 00:52:15.899 | INFO     | src.utils.common:log_experiment_info:116 - backbone: ViT-B-16
2025-10-17 00:52:15.899 | INFO     | src.utils.common:log_experiment_info:116 - pretrained: /big-data/person/xiaozeyu/DataDistillation/clip-vit-base-patch16
2025-10-17 00:52:15.899 | INFO     | src.utils.common:log_experiment_info:116 - n_compress: 32
2025-10-17 00:52:15.899 | INFO     | src.utils.common:log_experiment_info:116 - epochs: 1
2025-10-17 00:52:15.900 | INFO     | src.utils.common:log_experiment_info:116 - batch_size: 128
2025-10-17 00:52:15.900 | INFO     | src.utils.common:log_experiment_info:116 - lr: 0.001
2025-10-17 00:52:15.900 | INFO     | src.utils.common:log_experiment_info:116 - weight_decay: 0.0001
2025-10-17 00:52:15.900 | INFO     | src.utils.common:log_experiment_info:116 - use_cache: True
2025-10-17 00:52:15.900 | INFO     | src.utils.common:log_experiment_info:116 - task_name: add_class
2025-10-17 00:52:18.016 | INFO     | src.utils.common:load_feature_cache:68 - 加载缓存特征: /big-data/person/xiaozeyu/FSDC/outputs/cache/ViT-B-16_size224_train.pt
2025-10-17 00:52:18.167 | INFO     | src.utils.common:__enter__:87 - 开始计时: 提取train_new特征
2025-10-17 00:52:32.334 | INFO     | src.utils.common:__exit__:92 - 结束计时: 提取train_new特征, 耗时 14.17 秒
2025-10-17 00:52:32.673 | INFO     | src.utils.common:load_feature_cache:68 - 加载缓存特征: /big-data/person/xiaozeyu/FSDC/outputs/cache/ViT-B-16_size224_val.pt
2025-10-17 00:52:32.719 | INFO     | src.utils.common:__enter__:87 - 开始计时: 提取val_new特征
2025-10-17 00:52:35.332 | INFO     | src.utils.common:__exit__:92 - 结束计时: 提取val_new特征, 耗时 2.61 秒
2025-10-17 00:52:35.623 | INFO     | __main__:main:185 - Epoch 1: top1=0.7898 top5=0.9829
2025-10-17 01:05:19.269 | INFO     | __main__:main:87 - Log file: outputs/compress32_addcls_stage1/add_class_incremental.log
2025-10-17 01:05:19.269 | INFO     | src.utils.common:log_experiment_info:114 - ===== 实验配置 =====
2025-10-17 01:05:19.269 | INFO     | src.utils.common:log_experiment_info:116 - coco_root: /big-data/dataset-academic/COCO/train2017
2025-10-17 01:05:19.270 | INFO     | src.utils.common:log_experiment_info:116 - annotation_file: /big-data/dataset-academic/COCO/annotations/instances_train2017.json
2025-10-17 01:05:19.270 | INFO     | src.utils.common:log_experiment_info:116 - train_list: /big-data/person/xiaozeyu/FSDC/indices/train_list.txt
2025-10-17 01:05:19.270 | INFO     | src.utils.common:log_experiment_info:116 - val_list: /big-data/person/xiaozeyu/FSDC/indices/val_list.txt
2025-10-17 01:05:19.270 | INFO     | src.utils.common:log_experiment_info:116 - new_train_list: /big-data/person/xiaozeyu/FSDC/indices/new_train_list.txt
2025-10-17 01:05:19.270 | INFO     | src.utils.common:log_experiment_info:116 - new_val_list: /big-data/person/xiaozeyu/FSDC/indices/new_val_list.txt
2025-10-17 01:05:19.270 | INFO     | src.utils.common:log_experiment_info:116 - class_map: /big-data/person/xiaozeyu/FSDC/indices/class_map.json
2025-10-17 01:05:19.270 | INFO     | src.utils.common:log_experiment_info:116 - cache_root: /big-data/person/xiaozeyu/FSDC/outputs/cache
2025-10-17 01:05:19.270 | INFO     | src.utils.common:log_experiment_info:116 - image_size: 224
2025-10-17 01:05:19.270 | INFO     | src.utils.common:log_experiment_info:116 - new_class_ids: [4]
2025-10-17 01:05:19.270 | INFO     | src.utils.common:log_experiment_info:116 - new_class_names: ['motorcycle']
2025-10-17 01:05:19.271 | INFO     | src.utils.common:log_experiment_info:116 - use_patch: False
2025-10-17 01:05:19.271 | INFO     | src.utils.common:log_experiment_info:116 - train_ratio: 0.85
2025-10-17 01:05:19.271 | INFO     | src.utils.common:log_experiment_info:116 - split_seed: 42
2025-10-17 01:05:19.271 | INFO     | src.utils.common:log_experiment_info:116 - backbone: ViT-B-16
2025-10-17 01:05:19.271 | INFO     | src.utils.common:log_experiment_info:116 - pretrained: /big-data/person/xiaozeyu/DataDistillation/clip-vit-base-patch16
2025-10-17 01:05:19.271 | INFO     | src.utils.common:log_experiment_info:116 - n_compress: 32
2025-10-17 01:05:19.271 | INFO     | src.utils.common:log_experiment_info:116 - epochs: 1
2025-10-17 01:05:19.271 | INFO     | src.utils.common:log_experiment_info:116 - batch_size: 128
2025-10-17 01:05:19.272 | INFO     | src.utils.common:log_experiment_info:116 - lr: 0.001
2025-10-17 01:05:19.272 | INFO     | src.utils.common:log_experiment_info:116 - weight_decay: 0.0001
2025-10-17 01:05:19.272 | INFO     | src.utils.common:log_experiment_info:116 - use_cache: True
2025-10-17 01:05:19.272 | INFO     | src.utils.common:log_experiment_info:116 - task_name: add_class
2025-10-17 01:05:21.318 | INFO     | src.utils.common:load_feature_cache:68 - 加载缓存特征: /big-data/person/xiaozeyu/FSDC/outputs/cache/ViT-B-16_size224_train.pt
2025-10-17 01:05:21.466 | INFO     | src.utils.common:__enter__:87 - 开始计时: 提取train_new特征
2025-10-17 01:05:33.618 | INFO     | src.utils.common:__exit__:92 - 结束计时: 提取train_new特征, 耗时 12.15 秒
2025-10-17 01:05:33.665 | INFO     | src.utils.common:load_feature_cache:68 - 加载缓存特征: /big-data/person/xiaozeyu/FSDC/outputs/cache/ViT-B-16_size224_val.pt
2025-10-17 01:05:33.706 | INFO     | src.utils.common:__enter__:87 - 开始计时: 提取val_new特征
2025-10-17 01:05:36.257 | INFO     | src.utils.common:__exit__:92 - 结束计时: 提取val_new特征, 耗时 2.55 秒
2025-10-17 01:05:36.573 | INFO     | __main__:main:185 - Epoch 1: top1=0.7898 top5=0.9829
2025-10-17 02:10:09.160 | INFO     | __main__:main:135 - Log file: outputs/compress32_addcls_stage1/add_class_incremental.log
2025-10-17 02:10:09.161 | INFO     | src.utils.common:log_experiment_info:114 - ===== 实验配置 =====
2025-10-17 02:10:09.161 | INFO     | src.utils.common:log_experiment_info:116 - coco_root: /big-data/dataset-academic/COCO/train2017
2025-10-17 02:10:09.161 | INFO     | src.utils.common:log_experiment_info:116 - annotation_file: /big-data/dataset-academic/COCO/annotations/instances_train2017.json
2025-10-17 02:10:09.161 | INFO     | src.utils.common:log_experiment_info:116 - train_list: /big-data/person/xiaozeyu/FSDC/indices/train_list.txt
2025-10-17 02:10:09.161 | INFO     | src.utils.common:log_experiment_info:116 - val_list: /big-data/person/xiaozeyu/FSDC/indices/val_list.txt
2025-10-17 02:10:09.161 | INFO     | src.utils.common:log_experiment_info:116 - new_train_list: /big-data/person/xiaozeyu/FSDC/indices/new_train_list.txt
2025-10-17 02:10:09.161 | INFO     | src.utils.common:log_experiment_info:116 - new_val_list: /big-data/person/xiaozeyu/FSDC/indices/new_val_list.txt
2025-10-17 02:10:09.161 | INFO     | src.utils.common:log_experiment_info:116 - class_map: /big-data/person/xiaozeyu/FSDC/indices/class_map.json
2025-10-17 02:10:09.161 | INFO     | src.utils.common:log_experiment_info:116 - cache_root: /big-data/person/xiaozeyu/FSDC/outputs/cache
2025-10-17 02:10:09.162 | INFO     | src.utils.common:log_experiment_info:116 - image_size: 224
2025-10-17 02:10:09.162 | INFO     | src.utils.common:log_experiment_info:116 - new_class_ids: [4]
2025-10-17 02:10:09.162 | INFO     | src.utils.common:log_experiment_info:116 - new_class_names: ['motorcycle']
2025-10-17 02:10:09.162 | INFO     | src.utils.common:log_experiment_info:116 - use_patch: False
2025-10-17 02:10:09.162 | INFO     | src.utils.common:log_experiment_info:116 - train_ratio: 0.85
2025-10-17 02:10:09.162 | INFO     | src.utils.common:log_experiment_info:116 - split_seed: 42
2025-10-17 02:10:09.162 | INFO     | src.utils.common:log_experiment_info:116 - backbone: ViT-B-16
2025-10-17 02:10:09.162 | INFO     | src.utils.common:log_experiment_info:116 - pretrained: /big-data/person/xiaozeyu/DataDistillation/clip-vit-base-patch16
2025-10-17 02:10:09.162 | INFO     | src.utils.common:log_experiment_info:116 - n_compress: 32
2025-10-17 02:10:09.162 | INFO     | src.utils.common:log_experiment_info:116 - epochs: 1
2025-10-17 02:10:09.162 | INFO     | src.utils.common:log_experiment_info:116 - batch_size: 128
2025-10-17 02:10:09.162 | INFO     | src.utils.common:log_experiment_info:116 - lr: 0.001
2025-10-17 02:10:09.162 | INFO     | src.utils.common:log_experiment_info:116 - weight_decay: 0.0001
2025-10-17 02:10:09.163 | INFO     | src.utils.common:log_experiment_info:116 - use_cache: True
2025-10-17 02:10:09.163 | INFO     | src.utils.common:log_experiment_info:116 - task_name: add_class
2025-10-17 02:10:09.163 | INFO     | src.utils.common:log_experiment_info:116 - previous_stage_ckpt: outputs/compress32_initial/best.ckpt
2025-10-17 02:10:11.421 | INFO     | src.utils.common:load_feature_cache:68 - 加载缓存特征: /big-data/person/xiaozeyu/FSDC/outputs/cache/ViT-B-16_size224_train.pt
2025-10-17 02:10:11.568 | INFO     | src.utils.common:__enter__:87 - 开始计时: 提取train_new特征
2025-10-17 02:10:25.017 | INFO     | src.utils.common:__exit__:92 - 结束计时: 提取train_new特征, 耗时 13.45 秒
2025-10-17 02:10:25.041 | INFO     | src.utils.common:load_feature_cache:68 - 加载缓存特征: /big-data/person/xiaozeyu/FSDC/outputs/cache/ViT-B-16_size224_val.pt
2025-10-17 02:10:25.085 | INFO     | src.utils.common:__enter__:87 - 开始计时: 提取val_new特征
2025-10-17 02:10:27.932 | INFO     | src.utils.common:__exit__:92 - 结束计时: 提取val_new特征, 耗时 2.85 秒
2025-10-17 02:10:28.490 | INFO     | __main__:main:337 - Epoch 1: top1=0.7898 top5=0.9829
